<?xml version="1.0" encoding="UTF-8"?>
<!-- Generated by org.testng.reporters.JUnitReportReporter -->
<testsuite hostname="LAPTOP-KCK80MQ9" failures="0" tests="1" name="com.qaTestCase.ProductSearchTest" time="9.061" errors="0" timestamp="2024-01-06T20:57:48 EST" skipped="0">
  <testcase classname="com.qaTestCase.ProductSearchTest" name="searchProduct" time="9.061"/>
</testsuite> <!-- com.qaTestCase.ProductSearchTest -->
